<?xml version="1.0" encoding="UTF-8"?>
<!-- Generated by org.testng.reporters.JUnitReportReporter -->
<testsuite hostname="QSP" failures="0" tests="1" name="bddCURD.GetOperation" time="4.499" errors="0" timestamp="2021-07-17T09:13:07 IST" skipped="0">
  <testcase classname="bddCURD.GetOperation" name="tc1" time="4.499"/>
</testsuite> <!-- bddCURD.GetOperation -->
