<?xml version="1.0" encoding="UTF-8"?>
<!-- Generated by org.testng.reporters.JUnitReportReporter -->
<testsuite hostname="QSP" failures="0" tests="1" name="validation.Test4" time="6.643" errors="0" timestamp="2021-07-18T10:06:24 IST" skipped="0">
  <testcase classname="validation.Test4" name="tc1" time="6.643"/>
</testsuite> <!-- validation.Test4 -->
