<?xml version="1.0" encoding="UTF-8"?>
<!-- Generated by org.testng.reporters.JUnitReportReporter -->
<testsuite hostname="QSP" failures="0" tests="1" name="bddCURD.PostOperation" time="6.265" errors="0" timestamp="2021-07-17T09:19:13 IST" skipped="0">
  <testcase classname="bddCURD.PostOperation" name="tc2" time="6.265"/>
</testsuite> <!-- bddCURD.PostOperation -->
