<?xml version="1.0" encoding="UTF-8"?>
<!-- Generated by org.testng.reporters.JUnitReportReporter -->
<testsuite hostname="QSP" failures="0" tests="1" name="parameterization.Test0" time="5.709" errors="0" timestamp="2021-07-17T10:44:27 IST" skipped="0">
  <testcase classname="parameterization.Test0" name="tc1" time="5.709"/>
</testsuite> <!-- parameterization.Test0 -->
