<?xml version="1.0" encoding="UTF-8"?>
<!-- Generated by org.testng.reporters.JUnitReportReporter -->
<testsuite hostname="QSP" failures="0" tests="1" name="pojo.Test1" time="5.445" errors="0" timestamp="2021-07-18T10:40:06 IST" skipped="0">
  <testcase classname="pojo.Test1" name="tc2" time="5.445"/>
</testsuite> <!-- pojo.Test1 -->
