<?xml version="1.0" encoding="UTF-8"?>
<!-- Generated by org.testng.reporters.JUnitReportReporter -->
<testsuite hostname="QSP" failures="0" tests="1" name="parameterization.Test2" time="5.482" errors="0" timestamp="2021-07-17T10:57:36 IST" skipped="0">
  <testcase classname="parameterization.Test2" name="demo" time="5.482"/>
</testsuite> <!-- parameterization.Test2 -->
