<?xml version="1.0" encoding="UTF-8"?>
<!-- Generated by org.testng.reporters.JUnitReportReporter -->
<testsuite hostname="QSP" failures="0" tests="1" name="bddCURD.PatchOperation" time="5.597" errors="0" timestamp="2021-07-17T09:23:28 IST" skipped="0">
  <testcase classname="bddCURD.PatchOperation" name="tc3" time="5.597"/>
</testsuite> <!-- bddCURD.PatchOperation -->
