<?xml version="1.0" encoding="UTF-8"?>
<!-- Generated by org.testng.reporters.JUnitReportReporter -->
<testsuite hostname="QSP" failures="0" tests="1" name="authorization.DeleteRepro" time="5.665" errors="0" timestamp="2021-07-17T10:13:38 IST" skipped="0">
  <testcase classname="authorization.DeleteRepro" name="tc4" time="5.665"/>
</testsuite> <!-- authorization.DeleteRepro -->
