<?xml version="1.0" encoding="UTF-8"?>
<!-- Generated by org.testng.reporters.JUnitReportReporter -->
<testsuite hostname="QSP" failures="0" tests="1" name="pojo.Seralization" time="0.521" errors="0" timestamp="2021-07-18T10:31:56 IST" skipped="0">
  <testcase classname="pojo.Seralization" name="demo" time="0.521"/>
</testsuite> <!-- pojo.Seralization -->
