<?xml version="1.0" encoding="UTF-8"?>
<!-- Generated by org.testng.reporters.JUnitReportReporter -->
<testsuite hostname="QSP" failures="0" tests="1" name="authorization.PostOperation" time="7.074" errors="0" timestamp="2021-07-17T09:59:19 IST" skipped="0">
  <testcase classname="authorization.PostOperation" name="tc2" time="7.074"/>
</testsuite> <!-- authorization.PostOperation -->
