<?xml version="1.0" encoding="UTF-8"?>
<!-- Generated by org.testng.reporters.JUnitReportReporter -->
<testsuite hostname="QSP" failures="0" tests="1" name="CURD.PostOpertaion" time="5.674" errors="0" timestamp="2021-07-17T09:02:32 IST" skipped="0">
  <testcase classname="CURD.PostOpertaion" name="tc2" time="5.674"/>
</testsuite> <!-- CURD.PostOpertaion -->
