<?xml version="1.0" encoding="UTF-8"?>
<!-- Generated by org.testng.reporters.JUnitReportReporter -->
<testsuite hostname="QSP" failures="0" tests="1" name="validation.Test2" time="6.761" errors="0" timestamp="2021-07-18T09:51:29 IST" skipped="0">
  <testcase classname="validation.Test2" name="tc1" time="6.761"/>
</testsuite> <!-- validation.Test2 -->
