<?xml version="1.0" encoding="UTF-8"?>
<!-- Generated by org.testng.reporters.JUnitReportReporter -->
<testsuite hostname="QSP" failures="0" tests="1" name="validation.Test5" time="6.469" errors="0" timestamp="2021-07-18T10:11:05 IST" skipped="0">
  <testcase classname="validation.Test5" name="demo" time="6.469"/>
</testsuite> <!-- validation.Test5 -->
