<?xml version="1.0" encoding="UTF-8"?>
<!-- Generated by org.testng.reporters.JUnitReportReporter -->
<testsuite hostname="QSP" failures="0" tests="1" name="validation.Test1" time="7.236" errors="0" timestamp="2021-07-18T09:49:38 IST" skipped="0">
  <testcase classname="validation.Test1" name="tc1" time="7.236"/>
</testsuite> <!-- validation.Test1 -->
