<?xml version="1.0" encoding="UTF-8"?>
<!-- Generated by org.testng.reporters.JUnitReportReporter -->
<testsuite hostname="QSP" failures="0" tests="1" name="validation.Test3" time="7.303" errors="0" timestamp="2021-07-18T09:53:29 IST" skipped="0">
  <testcase classname="validation.Test3" name="tc1" time="7.303"/>
</testsuite> <!-- validation.Test3 -->
