<?xml version="1.0" encoding="UTF-8"?>
<!-- Generated by org.testng.reporters.JUnitReportReporter -->
<testsuite hostname="QSP" failures="0" tests="1" name="database.Test0" time="1.579" errors="0" timestamp="2021-07-18T11:07:48 IST" skipped="0">
  <testcase classname="database.Test0" name="demo" time="1.579"/>
</testsuite> <!-- database.Test0 -->
