<?xml version="1.0" encoding="UTF-8"?>
<!-- Generated by org.testng.reporters.JUnitReportReporter -->
<testsuite hostname="QSP" failures="0" tests="1" name="pojo.Test2" time="5.774" errors="0" timestamp="2021-07-18T10:48:14 IST" skipped="0">
  <testcase classname="pojo.Test2" name="tc2" time="5.774"/>
</testsuite> <!-- pojo.Test2 -->
