<?xml version="1.0" encoding="UTF-8"?>
<!-- Generated by org.testng.reporters.JUnitReportReporter -->
<testsuite hostname="QSP" failures="0" tests="1" name="parameterization.Test1" time="5.811" errors="0" timestamp="2021-07-17T10:53:16 IST" skipped="0">
  <testcase classname="parameterization.Test1" name="demo" time="5.811"/>
</testsuite> <!-- parameterization.Test1 -->
