<?xml version="1.0" encoding="UTF-8"?>
<!-- Generated by org.testng.reporters.JUnitReportReporter -->
<testsuite hostname="QSP" failures="0" tests="1" name="pojo.Desralization" time="0.501" errors="0" timestamp="2021-07-18T10:36:36 IST" skipped="0">
  <testcase classname="pojo.Desralization" name="tc2" time="0.501"/>
</testsuite> <!-- pojo.Desralization -->
