<?xml version="1.0" encoding="UTF-8"?>
<!-- Generated by org.testng.reporters.JUnitReportReporter -->
<testsuite hostname="QSP" failures="0" tests="1" name="bddCURD.DeleteOperation" time="4.229" errors="0" timestamp="2021-07-17T09:25:14 IST" skipped="0">
  <testcase classname="bddCURD.DeleteOperation" name="tc3" time="4.229"/>
</testsuite> <!-- bddCURD.DeleteOperation -->
