<?xml version="1.0" encoding="UTF-8"?>
<!-- Generated by org.testng.reporters.JUnitReportReporter -->
<testsuite hostname="QSP" failures="0" tests="1" name="authorization.PatchOperation" time="7.019" errors="0" timestamp="2021-07-17T10:11:27 IST" skipped="0">
  <testcase classname="authorization.PatchOperation" name="tc3" time="7.019"/>
</testsuite> <!-- authorization.PatchOperation -->
