<?xml version="1.0" encoding="UTF-8"?>
<!-- Generated by org.testng.reporters.JUnitReportReporter -->
<testsuite hostname="QSP" failures="0" tests="1" name="CURD.GetOperation" time="4.582" errors="0" timestamp="2021-07-17T08:56:29 IST" skipped="0">
  <testcase classname="CURD.GetOperation" name="tc1" time="4.582"/>
</testsuite> <!-- CURD.GetOperation -->
