<?xml version="1.0" encoding="UTF-8"?>
<!-- Generated by org.testng.reporters.JUnitReportReporter -->
<testsuite hostname="QSP" failures="0" tests="1" name="authorization.GetOperation" time="5.288" errors="0" timestamp="2021-07-17T09:49:30 IST" skipped="0">
  <testcase classname="authorization.GetOperation" name="tc1" time="5.288"/>
</testsuite> <!-- authorization.GetOperation -->
